<?xml version="1.0" encoding="UTF-8" ?>
<testsuite tests="0" failures="0" name="test.klashdevelopment.interprinter.TestlangInterpreter" time="0" errors="0" skipped="0">
  <properties>
    <property name="idea.version" value="2022.2"/>
    <property name="java.runtime.name" value="Java(TM) SE Runtime Environment"/>
    <property name="java.vm.version" value="17+35-LTS-2724"/>
    <property name="sun.boot.library.path" value="D:\App\Java\JDK-17\bin"/>
    <property name="maven.multiModuleProjectDirectory" value="K:\Projects\InterPrinter"/>
    <property name="java.vm.vendor" value="Oracle Corporation"/>
    <property name="java.vendor.url" value="https://java.oracle.com/"/>
    <property name="guice.disable.misplaced.annotation.check" value="true"/>
    <property name="path.separator" value=";"/>
    <property name="java.vm.name" value="Java HotSpot(TM) 64-Bit Server VM"/>
    <property name="sun.os.patch.level" value=""/>
    <property name="user.script" value=""/>
    <property name="user.country" value="US"/>
    <property name="sun.java.launcher" value="SUN_STANDARD"/>
    <property name="java.vm.specification.name" value="Java Virtual Machine Specification"/>
    <property name="user.dir" value="K:\Projects\InterPrinter"/>
    <property name="java.vm.compressedOopsMode" value="Zero based"/>
    <property name="java.runtime.version" value="17+35-LTS-2724"/>
    <property name="os.arch" value="amd64"/>
    <property name="java.io.tmpdir" value="C:\Users\GavinGoGaming\AppData\Local\Temp\"/>
    <property name="line.separator" value="
"/>
    <property name="java.vm.specification.vendor" value="Oracle Corporation"/>
    <property name="user.variant" value=""/>
    <property name="os.name" value="Windows 10"/>
    <property name="maven.ext.class.path" value="C:\Users\GavinGoGaming\AppData\Local\JetBrains\Toolbox\apps\IDEA-C\ch-0\222.3345.118\plugins\maven\lib\maven-event-listener.jar"/>
    <property name="classworlds.conf" value="C:\Users\GavinGoGaming\AppData\Local\JetBrains\Toolbox\apps\IDEA-C\ch-0\222.3345.118\plugins\maven\lib\maven3\bin\m2.conf"/>
    <property name="sun.jnu.encoding" value="Cp1252"/>
    <property name="java.library.path" value="D:\App\Java\JDK-17\bin;C:\WINDOWS\Sun\Java\bin;C:\WINDOWS\system32;C:\WINDOWS;C:\ffmpeg\bin;D:\App\Python\Beta\3.10.0-RC1\Scripts\;D:\App\MAVEN\apache-maven-3.8.5\bin;D:\App\Python\Beta\3.10.0-RC1\;C:\Program Files\Common Files\Oracle\Java\javapath;C:\Python39\Scripts\;C:\Python39\;C:\Program Files\Oculus\Support\oculus-runtime;C:\Program Files (x86)\Common Files\Oracle\Java\javapath;C:\Windows\system32;C:\Windows;C:\Windows\System32\Wbem;C:\Windows\System32\WindowsPowerShell\v1.0\;C:\Program Files\Intel\WiFi\bin\;C:\Program Files\Common Files\Intel\WirelessCommon\;C:\WINDOWS\system32;C:\WINDOWS;C:\WINDOWS\System32\Wbem;C:\WINDOWS\System32\WindowsPowerShell\v1.0\;C:\WINDOWS\System32\OpenSSH\;C:\Program Files\NVIDIA Corporation\NVIDIA NvDLISR;C:\Program Files (x86)\Intel\Intel(R) Management Engine Components\DAL;C:\Program Files\Intel\Intel(R) Management Engine Components\DAL;C:\WINDOWS\system32;C:\WINDOWS;C:\WINDOWS\System32\Wbem;C:\WINDOWS\System32\WindowsPowerShell\v1.0\;C:\WINDOWS\System32\OpenSSH\;C:\Program Files (x86)\GtkSharp\2.12\bin;C:\ProgramData\chocolatey\bin;C:\Gradle\grad;D:\App\NodeJS\Current\;C:\Users\GavinGoGaming\AppData\Local\Microsoft\WindowsApps;C:\Users\GavinGoGaming\.dotnet\tools;C:\Users\GavinGoGaming\AppData\Local\GitHubDesktop\bin;C:\Program Files\FFMPEG;;C:\Users\GavinGoGaming\spicetify-cli;C:\Users\GavinGoGaming\.dotnet\tools;D:\App\VSCode\Insider\app\bin;C:\Users\GavinGoGaming\AppData\Local\JetBrains\Toolbox\scripts;C:\Users\GavinGoGaming\.dotnet\tools;C:\Users\GavinGoGaming\AppData\Roaming\npm;."/>
    <property name="maven.conf" value="C:\Users\GavinGoGaming\AppData\Local\JetBrains\Toolbox\apps\IDEA-C\ch-0\222.3345.118\plugins\maven\lib\maven3/conf"/>
    <property name="jdk.debug" value="release"/>
    <property name="java.class.version" value="61.0"/>
    <property name="java.specification.name" value="Java Platform API Specification"/>
    <property name="sun.management.compiler" value="HotSpot 64-Bit Tiered Compilers"/>
    <property name="os.version" value="10.0"/>
    <property name="user.home" value="C:\Users\GavinGoGaming"/>
    <property name="user.timezone" value="America/Tijuana"/>
    <property name="file.encoding" value="UTF-8"/>
    <property name="java.specification.version" value="17"/>
    <property name="user.name" value="GavinGoGaming"/>
    <property name="java.class.path" value="C:\Users\GavinGoGaming\AppData\Local\JetBrains\Toolbox\apps\IDEA-C\ch-0\222.3345.118\plugins\maven\lib\maven3\boot\plexus-classworlds-2.6.0.jar;C:\Users\GavinGoGaming\AppData\Local\JetBrains\Toolbox\apps\IDEA-C\ch-0\222.3345.118\plugins\maven\lib\maven3\boot\plexus-classworlds.license"/>
    <property name="java.vm.specification.version" value="17"/>
    <property name="sun.arch.data.model" value="64"/>
    <property name="sun.java.command" value="org.codehaus.classworlds.Launcher -Didea.version=2022.2 clean install"/>
    <property name="java.home" value="D:\App\Java\JDK-17"/>
    <property name="user.language" value="en"/>
    <property name="java.specification.vendor" value="Oracle Corporation"/>
    <property name="java.vm.info" value="mixed mode, sharing"/>
    <property name="java.version" value="17"/>
    <property name="native.encoding" value="Cp1252"/>
    <property name="java.vendor" value="Oracle Corporation"/>
    <property name="maven.home" value="C:\Users\GavinGoGaming\AppData\Local\JetBrains\Toolbox\apps\IDEA-C\ch-0\222.3345.118\plugins\maven\lib\maven3"/>
    <property name="file.separator" value="\"/>
    <property name="java.version.date" value="2021-09-14"/>
    <property name="java.vendor.url.bug" value="https://bugreport.java.com/bugreport/"/>
    <property name="sun.io.unicode.encoding" value="UnicodeLittle"/>
    <property name="sun.cpu.endian" value="little"/>
    <property name="sun.cpu.isalist" value="amd64"/>
  </properties>
</testsuite>